2019-04-14 09:47:42,597 - __main__ - INFO - Initialize analysis for AUDUSD
2019-04-14 09:47:47,382 - __main__ - INFO - Initialize analysis for EURUSD
2019-04-14 09:47:52,550 - __main__ - INFO - Initialize analysis for GBPUSD
2019-04-14 09:47:57,722 - __main__ - INFO - Initialize analysis for NZDUSD
2019-04-14 09:48:03,053 - __main__ - INFO - Initialize analysis for USDCAD
2019-04-14 09:48:09,043 - __main__ - INFO - Initialize analysis for USDCHF
2019-04-14 09:48:13,755 - __main__ - INFO - Initialize analysis for USDJPY
2019-04-14 09:48:18,210 - __main__ - INFO - Initialize analysis for USDMXN
2019-04-14 09:48:22,520 - __main__ - INFO - Initialize analysis for USDTRY
2019-04-14 09:48:26,726 - __main__ - INFO - Initialize analysis for USDZAR
2019-04-14 09:48:32,275 - __main__ - INFO - 
Program runtime: 0:00:49.677466
2019-04-14 09:51:39,435 - __main__ - INFO - Initialize analysis for AUDUSD
2019-04-14 09:51:45,471 - __main__ - INFO - Initialize analysis for EURUSD
2019-04-14 09:51:50,275 - __main__ - INFO - Initialize analysis for GBPUSD
2019-04-14 09:51:54,538 - __main__ - INFO - Initialize analysis for NZDUSD
2019-04-14 09:51:59,099 - __main__ - INFO - Initialize analysis for USDCAD
2019-04-14 09:52:03,592 - __main__ - INFO - Initialize analysis for USDCHF
2019-04-14 09:52:08,139 - __main__ - INFO - Initialize analysis for USDJPY
2019-04-14 09:52:14,268 - __main__ - INFO - Initialize analysis for USDMXN
2019-04-14 09:52:18,754 - __main__ - INFO - Initialize analysis for USDTRY
2019-04-14 09:52:24,736 - __main__ - INFO - Initialize analysis for USDZAR
2019-04-14 09:52:29,037 - __main__ - INFO - 
Program runtime: 0:00:49.601515
2019-04-14 09:53:57,611 - __main__ - INFO - Initialize analysis for AUDUSD
2019-04-14 09:54:02,429 - __main__ - INFO - Initialize analysis for EURUSD
2019-04-14 09:54:07,565 - __main__ - INFO - Initialize analysis for GBPUSD
2019-04-14 09:54:12,446 - __main__ - INFO - Initialize analysis for NZDUSD
2019-04-14 09:54:18,030 - __main__ - INFO - Initialize analysis for USDCAD
2019-04-14 09:54:22,868 - __main__ - INFO - Initialize analysis for USDCHF
2019-04-14 09:54:27,441 - __main__ - INFO - Initialize analysis for USDJPY
2019-04-14 09:54:32,073 - __main__ - INFO - Initialize analysis for USDMXN
2019-04-14 09:54:36,827 - __main__ - INFO - Initialize analysis for USDTRY
2019-04-14 09:54:41,229 - __main__ - INFO - Initialize analysis for USDZAR
2019-04-14 09:54:45,879 - __main__ - INFO - 
Program runtime: 0:00:48.267494
2019-04-14 23:39:03,493 - __main__ - INFO - Initialize analysis for AUDUSD
2019-04-14 23:39:08,317 - __main__ - INFO - Initialize analysis for EURUSD
2019-04-14 23:39:12,712 - __main__ - INFO - Initialize analysis for GBPUSD
2019-04-14 23:39:17,093 - __main__ - INFO - Initialize analysis for NZDUSD
2019-04-14 23:39:21,451 - __main__ - INFO - Initialize analysis for USDCAD
2019-04-14 23:39:25,827 - __main__ - INFO - Initialize analysis for USDCHF
2019-04-14 23:39:30,210 - __main__ - INFO - Initialize analysis for USDJPY
2019-04-14 23:39:34,577 - __main__ - INFO - Initialize analysis for USDMXN
2019-04-14 23:39:39,070 - __main__ - INFO - Initialize analysis for USDTRY
2019-04-14 23:39:43,430 - __main__ - INFO - Initialize analysis for USDZAR
2019-04-14 23:39:47,829 - __main__ - INFO - 
Program runtime: 0:00:44.336715
2019-04-15 00:11:45,004 - __main__ - INFO - Initialize analysis for AUDUSD
2019-04-15 00:17:43,020 - __main__ - INFO - Initialize analysis for AUDUSD
2019-04-15 00:18:10,799 - __main__ - INFO - Initialize analysis for AUDUSD
2019-04-15 00:18:15,516 - __main__ - INFO - Initialize analysis for EURUSD
2019-04-15 00:18:19,909 - __main__ - INFO - Initialize analysis for GBPUSD
2019-04-15 00:18:24,262 - __main__ - INFO - Initialize analysis for NZDUSD
2019-04-15 00:18:28,614 - __main__ - INFO - Initialize analysis for USDCAD
2019-04-15 00:18:33,067 - __main__ - INFO - Initialize analysis for USDCHF
2019-04-15 00:18:37,493 - __main__ - INFO - Initialize analysis for USDJPY
2019-04-15 00:18:41,873 - __main__ - INFO - Initialize analysis for USDMXN
2019-04-15 00:18:46,556 - __main__ - INFO - Initialize analysis for USDTRY
2019-04-15 00:18:50,957 - __main__ - INFO - Initialize analysis for USDZAR
2019-04-15 00:18:55,398 - __main__ - INFO - 
Program runtime: 0:00:44.599505
